=== Caching Abeta patches ===
Start: Tue Mar 24 03:47:03 PM EDT 2026
✨ Pixi task (python in default): python scripts/cache_patches.py --manifest manifests/abeta_50k_alldata.json --output-dir /nfs/scratch/apooladi/training_patches/abeta
50000 patches, 53 volumes, 0 already cached
[1/53] micr — 943 patches, opening zarr...
  micr: 100/943 | total saved=100/50000 (213s)
  micr: 200/943 | total saved=200/50000 (352s)
  micr: 300/943 | total saved=300/50000 (485s)
  micr: 400/943 | total saved=400/50000 (657s)
  micr: 500/943 | total saved=500/50000 (772s)
  micr: 600/943 | total saved=600/50000 (910s)
  micr: 700/943 | total saved=700/50000 (1037s)
  micr: 800/943 | total saved=800/50000 (1181s)
  micr: 900/943 | total saved=900/50000 (1368s)
  done — saved=943 skipped=0 failed=0
[2/53] micr — 942 patches, opening zarr...
  micr: 57/942 | total saved=1000/50000 (1512s)
  micr: 157/942 | total saved=1100/50000 (1637s)
  micr: 257/942 | total saved=1200/50000 (1744s)
  micr: 357/942 | total saved=1300/50000 (1863s)
  micr: 457/942 | total saved=1400/50000 (2059s)
  micr: 557/942 | total saved=1500/50000 (2164s)
  micr: 657/942 | total saved=1600/50000 (2343s)
  micr: 757/942 | total saved=1700/50000 (2465s)
  micr: 857/942 | total saved=1800/50000 (2594s)
  done — saved=1885 skipped=0 failed=0
[3/53] micr — 945 patches, opening zarr...
  micr: 15/945 | total saved=1900/50000 (2751s)
  micr: 115/945 | total saved=2000/50000 (3021s)
  micr: 215/945 | total saved=2100/50000 (3209s)
  micr: 315/945 | total saved=2200/50000 (3385s)
  micr: 415/945 | total saved=2300/50000 (3521s)
  micr: 515/945 | total saved=2400/50000 (3637s)
  micr: 615/945 | total saved=2500/50000 (3747s)
  micr: 715/945 | total saved=2600/50000 (3869s)
  micr: 815/945 | total saved=2700/50000 (4014s)
  micr: 915/945 | total saved=2800/50000 (4189s)
  done — saved=2830 skipped=0 failed=0
[4/53] micr — 945 patches, opening zarr...
  micr: 70/945 | total saved=2900/50000 (4463s)
  micr: 170/945 | total saved=3000/50000 (4607s)
  micr: 270/945 | total saved=3100/50000 (4732s)
  micr: 370/945 | total saved=3200/50000 (4866s)
  micr: 470/945 | total saved=3300/50000 (4975s)
  micr: 570/945 | total saved=3400/50000 (5108s)
  micr: 670/945 | total saved=3500/50000 (5291s)
  micr: 770/945 | total saved=3600/50000 (5420s)
  micr: 870/945 | total saved=3700/50000 (5558s)
  done — saved=3775 skipped=0 failed=0
[5/53] micr — 945 patches, opening zarr...
  micr: 25/945 | total saved=3800/50000 (5787s)
  micr: 125/945 | total saved=3900/50000 (6030s)
  micr: 225/945 | total saved=4000/50000 (6187s)
  micr: 325/945 | total saved=4100/50000 (6349s)
  micr: 425/945 | total saved=4200/50000 (6485s)
  micr: 525/945 | total saved=4300/50000 (6600s)
  micr: 625/945 | total saved=4400/50000 (6738s)
  micr: 725/945 | total saved=4500/50000 (6895s)
  micr: 825/945 | total saved=4600/50000 (7005s)
  micr: 925/945 | total saved=4700/50000 (7121s)
  done — saved=4720 skipped=0 failed=0
[6/53] micr — 943 patches, opening zarr...
  micr: 80/943 | total saved=4800/50000 (7297s)
  micr: 180/943 | total saved=4900/50000 (7448s)
  micr: 280/943 | total saved=5000/50000 (7563s)
  micr: 380/943 | total saved=5100/50000 (7710s)
  micr: 480/943 | total saved=5200/50000 (7835s)
  micr: 580/943 | total saved=5300/50000 (7960s)
  micr: 680/943 | total saved=5400/50000 (8073s)
  micr: 780/943 | total saved=5500/50000 (8198s)
  micr: 880/943 | total saved=5600/50000 (8305s)
  done — saved=5663 skipped=0 failed=0
[7/53] micr — 945 patches, opening zarr...
  micr: 37/945 | total saved=5700/50000 (8430s)
  micr: 137/945 | total saved=5800/50000 (8566s)
  micr: 237/945 | total saved=5900/50000 (8700s)
  micr: 337/945 | total saved=6000/50000 (8852s)
  micr: 437/945 | total saved=6100/50000 (8994s)
  micr: 537/945 | total saved=6200/50000 (9112s)
  micr: 637/945 | total saved=6300/50000 (9245s)
  micr: 737/945 | total saved=6400/50000 (9359s)
  micr: 837/945 | total saved=6500/50000 (9474s)
  micr: 937/945 | total saved=6600/50000 (9592s)
  done — saved=6608 skipped=0 failed=0
[8/53] micr — 943 patches, opening zarr...
  micr: 92/943 | total saved=6700/50000 (9839s)
  micr: 192/943 | total saved=6800/50000 (10036s)
  micr: 292/943 | total saved=6900/50000 (10182s)
  micr: 392/943 | total saved=7000/50000 (10314s)
  micr: 492/943 | total saved=7100/50000 (10457s)
  micr: 592/943 | total saved=7200/50000 (10611s)
  micr: 692/943 | total saved=7300/50000 (10772s)
  micr: 792/943 | total saved=7400/50000 (10929s)
  micr: 892/943 | total saved=7500/50000 (11058s)
  done — saved=7551 skipped=0 failed=0
[9/53] micr — 943 patches, opening zarr...
  micr: 49/943 | total saved=7600/50000 (11236s)
  micr: 149/943 | total saved=7700/50000 (11404s)
  micr: 249/943 | total saved=7800/50000 (11534s)
  micr: 349/943 | total saved=7900/50000 (11661s)
  micr: 449/943 | total saved=8000/50000 (11780s)
  micr: 549/943 | total saved=8100/50000 (11898s)
  micr: 649/943 | total saved=8200/50000 (12023s)
  micr: 749/943 | total saved=8300/50000 (12159s)
  micr: 849/943 | total saved=8400/50000 (12319s)
  done — saved=8494 skipped=0 failed=0
[10/53] micr — 942 patches, opening zarr...
  micr: 6/942 | total saved=8500/50000 (12454s)
  micr: 106/942 | total saved=8600/50000 (12652s)
  micr: 206/942 | total saved=8700/50000 (12798s)
  micr: 306/942 | total saved=8800/50000 (12932s)
  micr: 406/942 | total saved=8900/50000 (13106s)
  micr: 506/942 | total saved=9000/50000 (13237s)
  micr: 606/942 | total saved=9100/50000 (13357s)
  micr: 706/942 | total saved=9200/50000 (13478s)
  micr: 806/942 | total saved=9300/50000 (13604s)
  micr: 906/942 | total saved=9400/50000 (13725s)
  done — saved=9436 skipped=0 failed=0
[11/53] micr — 943 patches, opening zarr...
  micr: 64/943 | total saved=9500/50000 (13951s)
  micr: 164/943 | total saved=9600/50000 (14181s)
  micr: 264/943 | total saved=9700/50000 (14327s)
  micr: 364/943 | total saved=9800/50000 (14452s)
  micr: 464/943 | total saved=9900/50000 (14568s)
  micr: 564/943 | total saved=10000/50000 (14691s)
  micr: 664/943 | total saved=10100/50000 (14800s)
  micr: 764/943 | total saved=10200/50000 (14911s)
  micr: 864/943 | total saved=10300/50000 (15025s)
  done — saved=10379 skipped=0 failed=0
[12/53] micr — 945 patches, opening zarr...
  micr: 21/945 | total saved=10400/50000 (15157s)
  micr: 121/945 | total saved=10500/50000 (15302s)
  micr: 221/945 | total saved=10600/50000 (15425s)
  micr: 321/945 | total saved=10700/50000 (15535s)
  micr: 421/945 | total saved=10800/50000 (15638s)
  micr: 521/945 | total saved=10900/50000 (15734s)
  micr: 621/945 | total saved=11000/50000 (15842s)
  micr: 721/945 | total saved=11100/50000 (15957s)
  micr: 821/945 | total saved=11200/50000 (16064s)
  micr: 921/945 | total saved=11300/50000 (16169s)
  done — saved=11324 skipped=0 failed=0
[13/53] micr — 943 patches, opening zarr...
  micr: 76/943 | total saved=11400/50000 (16333s)
  micr: 176/943 | total saved=11500/50000 (16447s)
  micr: 276/943 | total saved=11600/50000 (16559s)
  micr: 376/943 | total saved=11700/50000 (16680s)
  micr: 476/943 | total saved=11800/50000 (16802s)
  micr: 576/943 | total saved=11900/50000 (16922s)
  micr: 676/943 | total saved=12000/50000 (17060s)
  micr: 776/943 | total saved=12100/50000 (17206s)
  micr: 876/943 | total saved=12200/50000 (17359s)
  done — saved=12267 skipped=0 failed=0
[14/53] micr — 943 patches, opening zarr...
  micr: 33/943 | total saved=12300/50000 (17541s)
  micr: 133/943 | total saved=12400/50000 (17716s)
  micr: 233/943 | total saved=12500/50000 (17855s)
  micr: 333/943 | total saved=12600/50000 (17989s)
  micr: 433/943 | total saved=12700/50000 (18106s)
  micr: 533/943 | total saved=12800/50000 (18253s)
  micr: 633/943 | total saved=12900/50000 (18373s)
  micr: 733/943 | total saved=13000/50000 (18502s)
  micr: 833/943 | total saved=13100/50000 (18632s)
  micr: 933/943 | total saved=13200/50000 (18751s)
  done — saved=13210 skipped=0 failed=0
[15/53] micr — 942 patches, opening zarr...
  micr: 90/942 | total saved=13300/50000 (18936s)
  micr: 190/942 | total saved=13400/50000 (19087s)
  micr: 290/942 | total saved=13500/50000 (19216s)
  micr: 390/942 | total saved=13600/50000 (19339s)
  micr: 490/942 | total saved=13700/50000 (19461s)
  micr: 590/942 | total saved=13800/50000 (19590s)
  micr: 690/942 | total saved=13900/50000 (19699s)
  micr: 790/942 | total saved=14000/50000 (19817s)
  micr: 890/942 | total saved=14100/50000 (19925s)
  done — saved=14152 skipped=0 failed=0
[16/53] micr — 943 patches, opening zarr...
  micr: 48/943 | total saved=14200/50000 (20061s)
  micr: 148/943 | total saved=14300/50000 (20220s)
  micr: 248/943 | total saved=14400/50000 (20376s)
  micr: 348/943 | total saved=14500/50000 (20529s)
  micr: 448/943 | total saved=14600/50000 (20675s)
  micr: 548/943 | total saved=14700/50000 (20794s)
  micr: 648/943 | total saved=14800/50000 (20923s)
  micr: 748/943 | total saved=14900/50000 (21040s)
  micr: 848/943 | total saved=15000/50000 (21156s)
  done — saved=15095 skipped=0 failed=0
[17/53] micr — 943 patches, opening zarr...
  micr: 5/943 | total saved=15100/50000 (21302s)
  micr: 105/943 | total saved=15200/50000 (21469s)
  micr: 205/943 | total saved=15300/50000 (21610s)
  micr: 305/943 | total saved=15400/50000 (21729s)
  micr: 405/943 | total saved=15500/50000 (21852s)
  micr: 505/943 | total saved=15600/50000 (21973s)
  micr: 605/943 | total saved=15700/50000 (22085s)
  micr: 705/943 | total saved=15800/50000 (22209s)
  micr: 805/943 | total saved=15900/50000 (22313s)
  micr: 905/943 | total saved=16000/50000 (22434s)
  done — saved=16038 skipped=0 failed=0
[18/53] micr — 945 patches, opening zarr...
  micr: 62/945 | total saved=16100/50000 (22583s)
  micr: 162/945 | total saved=16200/50000 (22709s)
  micr: 262/945 | total saved=16300/50000 (22830s)
  micr: 362/945 | total saved=16400/50000 (22941s)
  micr: 462/945 | total saved=16500/50000 (23057s)
  micr: 562/945 | total saved=16600/50000 (23171s)
  micr: 662/945 | total saved=16700/50000 (23277s)
  micr: 762/945 | total saved=16800/50000 (23396s)
  micr: 862/945 | total saved=16900/50000 (23512s)
  done — saved=16983 skipped=0 failed=0
[19/53] micr — 942 patches, opening zarr...
  micr: 17/942 | total saved=17000/50000 (23642s)
  micr: 117/942 | total saved=17100/50000 (23789s)
  micr: 217/942 | total saved=17200/50000 (23907s)
  micr: 317/942 | total saved=17300/50000 (24024s)
  micr: 417/942 | total saved=17400/50000 (24148s)
  micr: 517/942 | total saved=17500/50000 (24261s)
  micr: 617/942 | total saved=17600/50000 (24370s)
  micr: 717/942 | total saved=17700/50000 (24490s)
  micr: 817/942 | total saved=17800/50000 (24611s)
  micr: 917/942 | total saved=17900/50000 (24719s)
  done — saved=17925 skipped=0 failed=0
[20/53] micr — 943 patches, opening zarr...
  micr: 75/943 | total saved=18000/50000 (24882s)
  micr: 175/943 | total saved=18100/50000 (24999s)
  micr: 275/943 | total saved=18200/50000 (25125s)
  micr: 375/943 | total saved=18300/50000 (25230s)
  micr: 475/943 | total saved=18400/50000 (25342s)
  micr: 575/943 | total saved=18500/50000 (25445s)
  micr: 675/943 | total saved=18600/50000 (25560s)
  micr: 775/943 | total saved=18700/50000 (25666s)
  micr: 875/943 | total saved=18800/50000 (25766s)
  done — saved=18868 skipped=0 failed=0
[21/53] micr — 943 patches, opening zarr...
  micr: 32/943 | total saved=18900/50000 (25901s)
  micr: 132/943 | total saved=19000/50000 (25996s)
  micr: 232/943 | total saved=19100/50000 (26088s)
  micr: 332/943 | total saved=19200/50000 (26179s)
  micr: 432/943 | total saved=19300/50000 (26268s)
  micr: 532/943 | total saved=19400/50000 (26359s)
  micr: 632/943 | total saved=19500/50000 (26448s)
  micr: 732/943 | total saved=19600/50000 (26556s)
  micr: 832/943 | total saved=19700/50000 (26670s)
  micr: 932/943 | total saved=19800/50000 (26782s)
  done — saved=19811 skipped=0 failed=0
[22/53] micr — 942 patches, opening zarr...
  micr: 89/942 | total saved=19900/50000 (26934s)
  micr: 189/942 | total saved=20000/50000 (27055s)
  micr: 289/942 | total saved=20100/50000 (27171s)
  micr: 389/942 | total saved=20200/50000 (27291s)
  micr: 489/942 | total saved=20300/50000 (27401s)
  micr: 589/942 | total saved=20400/50000 (27512s)
  micr: 689/942 | total saved=20500/50000 (27631s)
  micr: 789/942 | total saved=20600/50000 (27744s)
  micr: 889/942 | total saved=20700/50000 (27864s)
  done — saved=20753 skipped=0 failed=0
[23/53] micr — 945 patches, opening zarr...
  micr: 47/945 | total saved=20800/50000 (28001s)
  micr: 147/945 | total saved=20900/50000 (28152s)
  micr: 247/945 | total saved=21000/50000 (28297s)
  micr: 347/945 | total saved=21100/50000 (28422s)
  micr: 447/945 | total saved=21200/50000 (28542s)
  micr: 547/945 | total saved=21300/50000 (28652s)
  micr: 647/945 | total saved=21400/50000 (28769s)
  micr: 747/945 | total saved=21500/50000 (28879s)
  micr: 847/945 | total saved=21600/50000 (28985s)
  done — saved=21698 skipped=0 failed=0
[24/53] micr — 942 patches, opening zarr...
  micr: 2/942 | total saved=21700/50000 (29101s)
  micr: 102/942 | total saved=21800/50000 (29271s)
  micr: 202/942 | total saved=21900/50000 (29409s)
  micr: 302/942 | total saved=22000/50000 (29529s)
  micr: 402/942 | total saved=22100/50000 (29652s)
  micr: 502/942 | total saved=22200/50000 (29765s)
  micr: 602/942 | total saved=22300/50000 (29881s)
  micr: 702/942 | total saved=22400/50000 (29987s)
  micr: 802/942 | total saved=22500/50000 (30096s)
  micr: 902/942 | total saved=22600/50000 (30211s)
  done — saved=22640 skipped=0 failed=0
[25/53] micr — 942 patches, opening zarr...
  micr: 60/942 | total saved=22700/50000 (30345s)
  micr: 160/942 | total saved=22800/50000 (30465s)
  micr: 260/942 | total saved=22900/50000 (30577s)
  micr: 360/942 | total saved=23000/50000 (30681s)
  micr: 460/942 | total saved=23100/50000 (30790s)
  micr: 560/942 | total saved=23200/50000 (30900s)
  micr: 660/942 | total saved=23300/50000 (31012s)
  micr: 760/942 | total saved=23400/50000 (31114s)
  micr: 860/942 | total saved=23500/50000 (31234s)
  done — saved=23582 skipped=0 failed=0
[26/53] micr — 943 patches, opening zarr...
  micr: 18/943 | total saved=23600/50000 (31362s)
  micr: 118/943 | total saved=23700/50000 (31532s)
  micr: 218/943 | total saved=23800/50000 (31659s)
  micr: 318/943 | total saved=23900/50000 (31784s)
  micr: 418/943 | total saved=24000/50000 (31900s)
  micr: 518/943 | total saved=24100/50000 (32019s)
  micr: 618/943 | total saved=24200/50000 (32132s)
  micr: 718/943 | total saved=24300/50000 (32242s)
  micr: 818/943 | total saved=24400/50000 (32358s)
  micr: 918/943 | total saved=24500/50000 (32469s)
  done — saved=24525 skipped=0 failed=0
[27/53] micr — 942 patches, opening zarr...
  micr: 75/942 | total saved=24600/50000 (32616s)
  micr: 175/942 | total saved=24700/50000 (32747s)
  micr: 275/942 | total saved=24800/50000 (32867s)
  micr: 375/942 | total saved=24900/50000 (32992s)
  micr: 475/942 | total saved=25000/50000 (33102s)
  micr: 575/942 | total saved=25100/50000 (33216s)
  micr: 675/942 | total saved=25200/50000 (33336s)
  micr: 775/942 | total saved=25300/50000 (33448s)
  micr: 875/942 | total saved=25400/50000 (33571s)
  done — saved=25467 skipped=0 failed=0
[28/53] micr — 946 patches, opening zarr...
  micr: 33/946 | total saved=25500/50000 (33689s)
  micr: 133/946 | total saved=25600/50000 (33804s)
  micr: 233/946 | total saved=25700/50000 (33912s)
  micr: 333/946 | total saved=25800/50000 (34014s)
  micr: 433/946 | total saved=25900/50000 (34113s)
  micr: 533/946 | total saved=26000/50000 (34223s)
  micr: 633/946 | total saved=26100/50000 (34319s)
  micr: 733/946 | total saved=26200/50000 (34413s)
  micr: 833/946 | total saved=26300/50000 (34508s)
  micr: 933/946 | total saved=26400/50000 (34597s)
  done — saved=26413 skipped=0 failed=0
[29/53] micr — 942 patches, opening zarr...
  micr: 87/942 | total saved=26500/50000 (34713s)
  micr: 187/942 | total saved=26600/50000 (34819s)
  micr: 287/942 | total saved=26700/50000 (34919s)
  micr: 387/942 | total saved=26800/50000 (35018s)
  micr: 487/942 | total saved=26900/50000 (35124s)
  micr: 587/942 | total saved=27000/50000 (35235s)
  micr: 687/942 | total saved=27100/50000 (35347s)
  micr: 787/942 | total saved=27200/50000 (35454s)
  micr: 887/942 | total saved=27300/50000 (35559s)
  done — saved=27355 skipped=0 failed=0
[30/53] micr — 945 patches, opening zarr...
  micr: 45/945 | total saved=27400/50000 (35679s)
  micr: 145/945 | total saved=27500/50000 (35801s)
  micr: 245/945 | total saved=27600/50000 (35911s)
  micr: 345/945 | total saved=27700/50000 (36017s)
  micr: 445/945 | total saved=27800/50000 (36122s)
  micr: 545/945 | total saved=27900/50000 (36230s)
  micr: 645/945 | total saved=28000/50000 (36331s)
  micr: 745/945 | total saved=28100/50000 (36432s)
  micr: 845/945 | total saved=28200/50000 (36531s)
  micr: 945/945 | total saved=28300/50000 (36626s)
  done — saved=28300 skipped=0 failed=0
[31/53] micr — 942 patches, opening zarr...
  micr: 100/942 | total saved=28400/50000 (36749s)
  micr: 200/942 | total saved=28500/50000 (36851s)
  micr: 300/942 | total saved=28600/50000 (36954s)
  micr: 400/942 | total saved=28700/50000 (37057s)
  micr: 500/942 | total saved=28800/50000 (37183s)
  micr: 600/942 | total saved=28900/50000 (37308s)
  micr: 700/942 | total saved=29000/50000 (37441s)
  micr: 800/942 | total saved=29100/50000 (37561s)
  micr: 900/942 | total saved=29200/50000 (37678s)
  done — saved=29242 skipped=0 failed=0
[32/53] micr — 945 patches, opening zarr...
  micr: 58/945 | total saved=29300/50000 (37834s)
  micr: 158/945 | total saved=29400/50000 (37968s)
  micr: 258/945 | total saved=29500/50000 (38089s)
  micr: 358/945 | total saved=29600/50000 (38216s)
  micr: 458/945 | total saved=29700/50000 (38346s)
  micr: 558/945 | total saved=29800/50000 (38472s)
  micr: 658/945 | total saved=29900/50000 (38612s)
  micr: 758/945 | total saved=30000/50000 (38755s)
  micr: 858/945 | total saved=30100/50000 (38899s)
  done — saved=30187 skipped=0 failed=0
[33/53] micr — 942 patches, opening zarr...
  micr: 13/942 | total saved=30200/50000 (39057s)
  micr: 113/942 | total saved=30300/50000 (39234s)
  micr: 213/942 | total saved=30400/50000 (39388s)
  micr: 313/942 | total saved=30500/50000 (39530s)
  micr: 413/942 | total saved=30600/50000 (39666s)
  micr: 513/942 | total saved=30700/50000 (39810s)
  micr: 613/942 | total saved=30800/50000 (39935s)
  micr: 713/942 | total saved=30900/50000 (40080s)
  micr: 813/942 | total saved=31000/50000 (40198s)
  micr: 913/942 | total saved=31100/50000 (40329s)
  done — saved=31129 skipped=0 failed=0
[34/53] micr — 945 patches, opening zarr...
  micr: 71/945 | total saved=31200/50000 (40514s)
  micr: 171/945 | total saved=31300/50000 (40684s)
  micr: 271/945 | total saved=31400/50000 (40840s)
  micr: 371/945 | total saved=31500/50000 (40991s)
  micr: 471/945 | total saved=31600/50000 (41137s)
  micr: 571/945 | total saved=31700/50000 (41262s)
  micr: 671/945 | total saved=31800/50000 (41393s)
  micr: 771/945 | total saved=31900/50000 (41531s)
  micr: 871/945 | total saved=32000/50000 (41664s)
  done — saved=32074 skipped=0 failed=0
[35/53] micr — 944 patches, opening zarr...
  micr: 26/944 | total saved=32100/50000 (41806s)
  micr: 126/944 | total saved=32200/50000 (41960s)
  micr: 226/944 | total saved=32300/50000 (42107s)
  micr: 326/944 | total saved=32400/50000 (42231s)
  micr: 426/944 | total saved=32500/50000 (42361s)
  micr: 526/944 | total saved=32600/50000 (42486s)
  micr: 626/944 | total saved=32700/50000 (42613s)
  micr: 726/944 | total saved=32800/50000 (42758s)
  micr: 826/944 | total saved=32900/50000 (42880s)
  micr: 926/944 | total saved=33000/50000 (42996s)
  done — saved=33018 skipped=0 failed=0
[36/53] micr — 942 patches, opening zarr...
  micr: 82/942 | total saved=33100/50000 (45149s)
  micr: 182/942 | total saved=33200/50000 (47222s)
  micr: 282/942 | total saved=33300/50000 (49425s)
  micr: 382/942 | total saved=33400/50000 (50861s)
  micr: 482/942 | total saved=33500/50000 (52350s)
slurmstepd-rri-cbs-v3.schulich.uwo.ca: error: *** JOB 46636 ON rri-cbs-v3.schulich.uwo.ca CANCELLED AT 2026-03-25T06:37:45 ***
